<?xml version="1.0" encoding="UTF-8"?>
<testng-results skipped="0" failed="0" ignored="0" total="1" passed="1">
  <reporter-output>
  </reporter-output>
  <suite name="Default suite" duration-ms="11152" started-at="2019-07-11T09:38:45Z" finished-at="2019-07-11T09:38:56Z">
    <groups>
    </groups>
    <test name="Default test" duration-ms="11152" started-at="2019-07-11T09:38:45Z" finished-at="2019-07-11T09:38:56Z">
      <class name="com.training.sanity.tests.ELTC_006">
        <test-method status="PASS" signature="setUpBeforeClass()[pri:0, instance:com.training.sanity.tests.ELTC_006@3bfdc050]" name="setUpBeforeClass" is-config="true" duration-ms="11" started-at="2019-07-11T09:38:45Z" finished-at="2019-07-11T09:38:45Z">
          <reporter-output>
          </reporter-output>
        </test-method> <!-- setUpBeforeClass -->
        <test-method status="PASS" signature="setUp()[pri:0, instance:com.training.sanity.tests.ELTC_006@3bfdc050]" name="setUp" is-config="true" duration-ms="6957" started-at="2019-07-11T09:38:45Z" finished-at="2019-07-11T09:38:52Z">
          <reporter-output>
          </reporter-output>
        </test-method> <!-- setUp -->
        <test-method status="PASS" signature="validLoginTest()[pri:0, instance:com.training.sanity.tests.ELTC_006@3bfdc050]" name="validLoginTest" duration-ms="2377" started-at="2019-07-11T09:38:52Z" finished-at="2019-07-11T09:38:54Z">
          <reporter-output>
          </reporter-output>
        </test-method> <!-- validLoginTest -->
        <test-method status="PASS" signature="tearDown()[pri:0, instance:com.training.sanity.tests.ELTC_006@3bfdc050]" name="tearDown" is-config="true" duration-ms="1785" started-at="2019-07-11T09:38:54Z" finished-at="2019-07-11T09:38:56Z">
          <reporter-output>
          </reporter-output>
        </test-method> <!-- tearDown -->
      </class> <!-- com.training.sanity.tests.ELTC_006 -->
    </test> <!-- Default test -->
  </suite> <!-- Default suite -->
</testng-results>
